<?xml version="1.0" encoding="UTF-8"?>
<!-- Generated by org.testng.reporters.JUnitReportReporter -->
<testsuite hostname="DESKTOP-623D8HK" failures="0" tests="1" name="example.NewTest" time="5.474" errors="0" timestamp="20 Aug 2022 19:24:30 GMT">
  <testcase classname="example.NewTest" name="testEasy" time="5.474"/>
</testsuite> <!-- example.NewTest -->
